************pruning  85  of the network****************
Layer-wise pruning =  False
Autoencoder layer-wise pruning percentages
encoder.0.weight :  128 / 144 0.8888888888888888
encoder.3.weight :  977 / 1152 0.8480902777777778
decoder.0.weight :  998 / 1152 0.8663194444444444
decoder.2.weight :  2724 / 3200 0.85125
decoder.4.weight :  1 / 32 0.03125
Fraction of weights pruned = 4828/5680 = 0.85
epoch [1/200], loss:0.3393
epoch [2/200], loss:0.2882
epoch [3/200], loss:0.2544
epoch [4/200], loss:0.2525
epoch [5/200], loss:0.2424
epoch [6/200], loss:0.2362
epoch [7/200], loss:0.2398
epoch [8/200], loss:0.2270
epoch [9/200], loss:0.2194
epoch [10/200], loss:0.2143
epoch [11/200], loss:0.2266
epoch [12/200], loss:0.2107
epoch [13/200], loss:0.1891
epoch [14/200], loss:0.1944
epoch [15/200], loss:0.1965
epoch [16/200], loss:0.1908
epoch [17/200], loss:0.2040
epoch [18/200], loss:0.2054
epoch [19/200], loss:0.2067
epoch [20/200], loss:0.2031
epoch [21/200], loss:0.1917
epoch [22/200], loss:0.1880
epoch [23/200], loss:0.2003
epoch [24/200], loss:0.1910
epoch [25/200], loss:0.2006
epoch [26/200], loss:0.1897
epoch [27/200], loss:0.1907
epoch [28/200], loss:0.1985
epoch [29/200], loss:0.1897
epoch [30/200], loss:0.1911
epoch [31/200], loss:0.1931
epoch [32/200], loss:0.1888
epoch [33/200], loss:0.1993
epoch [34/200], loss:0.1959
epoch [35/200], loss:0.1901
epoch [36/200], loss:0.1954
epoch [37/200], loss:0.2037
epoch [38/200], loss:0.2030
epoch [39/200], loss:0.1890
epoch [40/200], loss:0.1789
epoch [41/200], loss:0.1930
epoch [42/200], loss:0.1970
epoch [43/200], loss:0.1919
epoch [44/200], loss:0.1995
epoch [45/200], loss:0.1895
epoch [46/200], loss:0.1925
epoch [47/200], loss:0.1993
epoch [48/200], loss:0.1927
epoch [49/200], loss:0.1871
epoch [50/200], loss:0.2004
epoch [51/200], loss:0.1829
epoch [52/200], loss:0.1928
epoch [53/200], loss:0.1901
epoch [54/200], loss:0.2022
epoch [55/200], loss:0.1847
epoch [56/200], loss:0.2001
epoch [57/200], loss:0.2010
epoch [58/200], loss:0.1868
epoch [59/200], loss:0.1998
epoch [60/200], loss:0.1839
epoch [61/200], loss:0.1921
epoch [62/200], loss:0.1835
epoch [63/200], loss:0.1876
epoch [64/200], loss:0.1805
epoch [65/200], loss:0.1923
epoch [66/200], loss:0.1814
epoch [67/200], loss:0.1897
epoch [68/200], loss:0.1836
epoch [69/200], loss:0.1864
epoch [70/200], loss:0.1931
epoch [71/200], loss:0.1893
epoch [72/200], loss:0.1782
epoch [73/200], loss:0.1918
epoch [74/200], loss:0.1910
epoch [75/200], loss:0.1760
epoch [76/200], loss:0.1788
epoch [77/200], loss:0.1884
epoch [78/200], loss:0.1910
epoch [79/200], loss:0.1857
epoch [80/200], loss:0.1824
epoch [81/200], loss:0.2005
epoch [82/200], loss:0.1869
epoch [83/200], loss:0.1923
epoch [84/200], loss:0.1900
epoch [85/200], loss:0.1865
epoch [86/200], loss:0.1819
epoch [87/200], loss:0.1886
epoch [88/200], loss:0.1818
epoch [89/200], loss:0.1840
epoch [90/200], loss:0.1833
epoch [91/200], loss:0.1779
epoch [92/200], loss:0.1841
epoch [93/200], loss:0.1870
epoch [94/200], loss:0.1865
epoch [95/200], loss:0.1991
epoch [96/200], loss:0.1871
epoch [97/200], loss:0.1860
epoch [98/200], loss:0.1839
epoch [99/200], loss:0.1830
epoch [100/200], loss:0.1790
epoch [101/200], loss:0.1792
epoch [102/200], loss:0.1842
epoch [103/200], loss:0.1943
epoch [104/200], loss:0.1881
epoch [105/200], loss:0.1904
epoch [106/200], loss:0.1831
epoch [107/200], loss:0.1974
epoch [108/200], loss:0.1760
epoch [109/200], loss:0.1864
epoch [110/200], loss:0.1757
epoch [111/200], loss:0.1832
epoch [112/200], loss:0.1854
epoch [113/200], loss:0.1853
epoch [114/200], loss:0.1941
epoch [115/200], loss:0.1884
epoch [116/200], loss:0.1944
epoch [117/200], loss:0.1894
epoch [118/200], loss:0.1860
epoch [119/200], loss:0.1912
epoch [120/200], loss:0.1869
epoch [121/200], loss:0.1821
epoch [122/200], loss:0.1845
epoch [123/200], loss:0.1926
epoch [124/200], loss:0.1852
epoch [125/200], loss:0.1836
epoch [126/200], loss:0.1775
epoch [127/200], loss:0.1809
epoch [128/200], loss:0.1845
epoch [129/200], loss:0.1776
epoch [130/200], loss:0.1932
epoch [131/200], loss:0.1866
epoch [132/200], loss:0.1777
epoch [133/200], loss:0.1893
epoch [134/200], loss:0.1894
epoch [135/200], loss:0.1834
epoch [136/200], loss:0.1891
epoch [137/200], loss:0.1778
epoch [138/200], loss:0.1817
epoch [139/200], loss:0.1853
epoch [140/200], loss:0.1759
epoch [141/200], loss:0.1810
epoch [142/200], loss:0.1761
epoch [143/200], loss:0.1708
epoch [144/200], loss:0.1935
epoch [145/200], loss:0.1781
epoch [146/200], loss:0.1823
epoch [147/200], loss:0.1780
epoch [148/200], loss:0.1853
epoch [149/200], loss:0.1830
epoch [150/200], loss:0.1924
epoch [151/200], loss:0.1858
epoch [152/200], loss:0.1812
epoch [153/200], loss:0.1820
epoch [154/200], loss:0.1732
epoch [155/200], loss:0.1876
epoch [156/200], loss:0.1817
epoch [157/200], loss:0.1843
epoch [158/200], loss:0.1880
epoch [159/200], loss:0.1878
epoch [160/200], loss:0.1738
epoch [161/200], loss:0.1862
epoch [162/200], loss:0.1933
epoch [163/200], loss:0.1898
epoch [164/200], loss:0.1786
epoch [165/200], loss:0.1748
epoch [166/200], loss:0.1867
epoch [167/200], loss:0.1853
epoch [168/200], loss:0.1801
epoch [169/200], loss:0.1848
epoch [170/200], loss:0.1724
epoch [171/200], loss:0.1846
epoch [172/200], loss:0.1722
epoch [173/200], loss:0.1904
epoch [174/200], loss:0.1774
epoch [175/200], loss:0.1898
epoch [176/200], loss:0.1771
epoch [177/200], loss:0.1811
epoch [178/200], loss:0.1852
epoch [179/200], loss:0.1844
epoch [180/200], loss:0.1792
epoch [181/200], loss:0.1784
epoch [182/200], loss:0.1810
epoch [183/200], loss:0.1842
epoch [184/200], loss:0.1908
epoch [185/200], loss:0.1776
epoch [186/200], loss:0.1875
epoch [187/200], loss:0.1714
epoch [188/200], loss:0.1802
epoch [189/200], loss:0.1809
epoch [190/200], loss:0.1863
epoch [191/200], loss:0.1777
epoch [192/200], loss:0.1790
epoch [193/200], loss:0.1739
epoch [194/200], loss:0.1853
epoch [195/200], loss:0.1836
epoch [196/200], loss:0.1919
epoch [197/200], loss:0.1855
epoch [198/200], loss:0.1868
epoch [199/200], loss:0.1799
epoch [200/200], loss:0.1758