************pruning  95  of the network****************
Layer-wise pruning =  False
Autoencoder layer-wise pruning percentages
encoder.0.weight :  140 / 144 0.9722222222222222
encoder.3.weight :  1102 / 1152 0.9565972222222222
decoder.0.weight :  1081 / 1152 0.9383680555555556
decoder.2.weight :  3071 / 3200 0.9596875
decoder.4.weight :  2 / 32 0.0625
Fraction of weights pruned = 5396/5680 = 0.95
Loading saved autoencoder named  ./mnist/before_train.pth
epoch [1/200], loss:0.3844
epoch [2/200], loss:0.3457
epoch [3/200], loss:0.3659
epoch [4/200], loss:0.3527
epoch [5/200], loss:0.3416
epoch [6/200], loss:0.3445
epoch [7/200], loss:0.3517
epoch [8/200], loss:0.3072
epoch [9/200], loss:0.3308
epoch [10/200], loss:0.3286
epoch [11/200], loss:0.3181
epoch [12/200], loss:0.3180
epoch [13/200], loss:0.3226
epoch [14/200], loss:0.2893
epoch [15/200], loss:0.3314
epoch [16/200], loss:0.3209
epoch [17/200], loss:0.3214
epoch [18/200], loss:0.2983
epoch [19/200], loss:0.3026
epoch [20/200], loss:0.3028
epoch [21/200], loss:0.2952
epoch [22/200], loss:0.2905
epoch [23/200], loss:0.2938
epoch [24/200], loss:0.2871
epoch [25/200], loss:0.2833
epoch [26/200], loss:0.2900
epoch [27/200], loss:0.2987
epoch [28/200], loss:0.2733
epoch [29/200], loss:0.2710
epoch [30/200], loss:0.2899
epoch [31/200], loss:0.2916
epoch [32/200], loss:0.2887
epoch [33/200], loss:0.2804
epoch [34/200], loss:0.2811
epoch [35/200], loss:0.2975
epoch [36/200], loss:0.2815
epoch [37/200], loss:0.2894
epoch [38/200], loss:0.2732
epoch [39/200], loss:0.3009
epoch [40/200], loss:0.2824
epoch [41/200], loss:0.2804
epoch [42/200], loss:0.2827
epoch [43/200], loss:0.2870
epoch [44/200], loss:0.2740
epoch [45/200], loss:0.2860
epoch [46/200], loss:0.2683
epoch [47/200], loss:0.2888
epoch [48/200], loss:0.2802
epoch [49/200], loss:0.2880
epoch [50/200], loss:0.2739
epoch [51/200], loss:0.2892
epoch [52/200], loss:0.2735
epoch [53/200], loss:0.2595
epoch [54/200], loss:0.2731
epoch [55/200], loss:0.2705
epoch [56/200], loss:0.2811
epoch [57/200], loss:0.2787
epoch [58/200], loss:0.2819
epoch [59/200], loss:0.2657
epoch [60/200], loss:0.2870
epoch [61/200], loss:0.2774
epoch [62/200], loss:0.2794
epoch [63/200], loss:0.2786
epoch [64/200], loss:0.2795
epoch [65/200], loss:0.2779
epoch [66/200], loss:0.2777
epoch [67/200], loss:0.2870
epoch [68/200], loss:0.2703
epoch [69/200], loss:0.2730
epoch [70/200], loss:0.2671
epoch [71/200], loss:0.2760
epoch [72/200], loss:0.2818
epoch [73/200], loss:0.2710
epoch [74/200], loss:0.2786
epoch [75/200], loss:0.2679
epoch [76/200], loss:0.2633
epoch [77/200], loss:0.2818
epoch [78/200], loss:0.2849
epoch [79/200], loss:0.2726
epoch [80/200], loss:0.2687
epoch [81/200], loss:0.2757
epoch [82/200], loss:0.2831
epoch [83/200], loss:0.2712
epoch [84/200], loss:0.2855
epoch [85/200], loss:0.2773
epoch [86/200], loss:0.2718
epoch [87/200], loss:0.2816
epoch [88/200], loss:0.2846
epoch [89/200], loss:0.2901
epoch [90/200], loss:0.2779
epoch [91/200], loss:0.2848
epoch [92/200], loss:0.2747
epoch [93/200], loss:0.2687
epoch [94/200], loss:0.3037
epoch [95/200], loss:0.2776
epoch [96/200], loss:0.2808
epoch [97/200], loss:0.2725
epoch [98/200], loss:0.2712
epoch [99/200], loss:0.2666
epoch [100/200], loss:0.2850
epoch [101/200], loss:0.2880
epoch [102/200], loss:0.2548
epoch [103/200], loss:0.3009
epoch [104/200], loss:0.2706
epoch [105/200], loss:0.2813
epoch [106/200], loss:0.2877
epoch [107/200], loss:0.2776
epoch [108/200], loss:0.2830
epoch [109/200], loss:0.2787
epoch [110/200], loss:0.2778
epoch [111/200], loss:0.2814
epoch [112/200], loss:0.2741
epoch [113/200], loss:0.2887
epoch [114/200], loss:0.2735
epoch [115/200], loss:0.2797
epoch [116/200], loss:0.2660
epoch [117/200], loss:0.2714
epoch [118/200], loss:0.2646
epoch [119/200], loss:0.2917
epoch [120/200], loss:0.2771
epoch [121/200], loss:0.2935
epoch [122/200], loss:0.2902
epoch [123/200], loss:0.2807
epoch [124/200], loss:0.2924
epoch [125/200], loss:0.2745
epoch [126/200], loss:0.2845
epoch [127/200], loss:0.2948
epoch [128/200], loss:0.2725
epoch [129/200], loss:0.2775
epoch [130/200], loss:0.2773
epoch [131/200], loss:0.2722
epoch [132/200], loss:0.2667
epoch [133/200], loss:0.2735
epoch [134/200], loss:0.2828
epoch [135/200], loss:0.2764
epoch [136/200], loss:0.2809
epoch [137/200], loss:0.2813
epoch [138/200], loss:0.2809
epoch [139/200], loss:0.2743
epoch [140/200], loss:0.2970
epoch [141/200], loss:0.2725
epoch [142/200], loss:0.2786
epoch [143/200], loss:0.2657
epoch [144/200], loss:0.2705
epoch [145/200], loss:0.2713
epoch [146/200], loss:0.2879
epoch [147/200], loss:0.2752
epoch [148/200], loss:0.2835
epoch [149/200], loss:0.2642
epoch [150/200], loss:0.2826
epoch [151/200], loss:0.2669
epoch [152/200], loss:0.2776
epoch [153/200], loss:0.2725
epoch [154/200], loss:0.2801
epoch [155/200], loss:0.2719
epoch [156/200], loss:0.2832
epoch [157/200], loss:0.2862
epoch [158/200], loss:0.2728
epoch [159/200], loss:0.2772
epoch [160/200], loss:0.2774
epoch [161/200], loss:0.2813
epoch [162/200], loss:0.2852
epoch [163/200], loss:0.2882
epoch [164/200], loss:0.2739
epoch [165/200], loss:0.2954
epoch [166/200], loss:0.2653
epoch [167/200], loss:0.2794
epoch [168/200], loss:0.2884
epoch [169/200], loss:0.2869
epoch [170/200], loss:0.2808
epoch [171/200], loss:0.2685
epoch [172/200], loss:0.2866
epoch [173/200], loss:0.2898
epoch [174/200], loss:0.2866
epoch [175/200], loss:0.2906
epoch [176/200], loss:0.2817
epoch [177/200], loss:0.2686
epoch [178/200], loss:0.2785
epoch [179/200], loss:0.2774
epoch [180/200], loss:0.2575
epoch [181/200], loss:0.2953
epoch [182/200], loss:0.2822
epoch [183/200], loss:0.2766
epoch [184/200], loss:0.2710
epoch [185/200], loss:0.2760
epoch [186/200], loss:0.2807
epoch [187/200], loss:0.2638
epoch [188/200], loss:0.2760
epoch [189/200], loss:0.2666
epoch [190/200], loss:0.2728
epoch [191/200], loss:0.2691
epoch [192/200], loss:0.2718
epoch [193/200], loss:0.2844
epoch [194/200], loss:0.2744
epoch [195/200], loss:0.2926
epoch [196/200], loss:0.2957
epoch [197/200], loss:0.2862
epoch [198/200], loss:0.2642
epoch [199/200], loss:0.2829
epoch [200/200], loss:0.2753