************pruning  95  of the network****************
Layer-wise pruning =  False
Autoencoder layer-wise pruning percentages
encoder.0.weight :  140 / 144 0.9722222222222222
encoder.3.weight :  1102 / 1152 0.9565972222222222
decoder.0.weight :  1081 / 1152 0.9383680555555556
decoder.2.weight :  3071 / 3200 0.9596875
decoder.4.weight :  2 / 32 0.0625
Fraction of weights pruned = 5396/5680 = 0.95
epoch [1/200], loss:0.4019
epoch [2/200], loss:0.3730
epoch [3/200], loss:0.3698
epoch [4/200], loss:0.3491
epoch [5/200], loss:0.3446
epoch [6/200], loss:0.3319
epoch [7/200], loss:0.3333
epoch [8/200], loss:0.3075
epoch [9/200], loss:0.3233
epoch [10/200], loss:0.3064
epoch [11/200], loss:0.3039
epoch [12/200], loss:0.3016
epoch [13/200], loss:0.2980
epoch [14/200], loss:0.2984
epoch [15/200], loss:0.3150
epoch [16/200], loss:0.3220
epoch [17/200], loss:0.3106
epoch [18/200], loss:0.2891
epoch [19/200], loss:0.2867
epoch [20/200], loss:0.2949
epoch [21/200], loss:0.2971
epoch [22/200], loss:0.2891
epoch [23/200], loss:0.2964
epoch [24/200], loss:0.2944
epoch [25/200], loss:0.2831
epoch [26/200], loss:0.2906
epoch [27/200], loss:0.3070
epoch [28/200], loss:0.2934
epoch [29/200], loss:0.2795
epoch [30/200], loss:0.3060
epoch [31/200], loss:0.2994
epoch [32/200], loss:0.2971
epoch [33/200], loss:0.3078
epoch [34/200], loss:0.2886
epoch [35/200], loss:0.3062
epoch [36/200], loss:0.3144
epoch [37/200], loss:0.3065
epoch [38/200], loss:0.2793
epoch [39/200], loss:0.2862
epoch [40/200], loss:0.2880
epoch [41/200], loss:0.2769
epoch [42/200], loss:0.2994
epoch [43/200], loss:0.2838
epoch [44/200], loss:0.2994
epoch [45/200], loss:0.2848
epoch [46/200], loss:0.2866
epoch [47/200], loss:0.2724
epoch [48/200], loss:0.3029
epoch [49/200], loss:0.2854
epoch [50/200], loss:0.2964
epoch [51/200], loss:0.2910
epoch [52/200], loss:0.2803
epoch [53/200], loss:0.2943
epoch [54/200], loss:0.2920
epoch [55/200], loss:0.3089
epoch [56/200], loss:0.2858
epoch [57/200], loss:0.2936
epoch [58/200], loss:0.3013
epoch [59/200], loss:0.2966
epoch [60/200], loss:0.2823
epoch [61/200], loss:0.2920
epoch [62/200], loss:0.2833
epoch [63/200], loss:0.2929
epoch [64/200], loss:0.2761
epoch [65/200], loss:0.2866
epoch [66/200], loss:0.2797
epoch [67/200], loss:0.2957
epoch [68/200], loss:0.2931
epoch [69/200], loss:0.2890
epoch [70/200], loss:0.2849
epoch [71/200], loss:0.2858
epoch [72/200], loss:0.2887
epoch [73/200], loss:0.2896
epoch [74/200], loss:0.2934
epoch [75/200], loss:0.3000
epoch [76/200], loss:0.2978
epoch [77/200], loss:0.2887
epoch [78/200], loss:0.2960
epoch [79/200], loss:0.2927
epoch [80/200], loss:0.3127
epoch [81/200], loss:0.2873
epoch [82/200], loss:0.2786
epoch [83/200], loss:0.2934
epoch [84/200], loss:0.3011
epoch [85/200], loss:0.2799
epoch [86/200], loss:0.2961
epoch [87/200], loss:0.2955
epoch [88/200], loss:0.2998
epoch [89/200], loss:0.2912
epoch [90/200], loss:0.2889
epoch [91/200], loss:0.2951
epoch [92/200], loss:0.3052
epoch [93/200], loss:0.2910
epoch [94/200], loss:0.2897
epoch [95/200], loss:0.3067
epoch [96/200], loss:0.2828
epoch [97/200], loss:0.3017
epoch [98/200], loss:0.2937
epoch [99/200], loss:0.3033
epoch [100/200], loss:0.2904
epoch [101/200], loss:0.2938
epoch [102/200], loss:0.2936
epoch [103/200], loss:0.2797
epoch [104/200], loss:0.2796
epoch [105/200], loss:0.2892
epoch [106/200], loss:0.3007
epoch [107/200], loss:0.2739
epoch [108/200], loss:0.2993
epoch [109/200], loss:0.2917
epoch [110/200], loss:0.2852
epoch [111/200], loss:0.2956
epoch [112/200], loss:0.2949
epoch [113/200], loss:0.2937
epoch [114/200], loss:0.2903
epoch [115/200], loss:0.2854
epoch [116/200], loss:0.2884
epoch [117/200], loss:0.3091
epoch [118/200], loss:0.2820
epoch [119/200], loss:0.2970
epoch [120/200], loss:0.2911
epoch [121/200], loss:0.2859
epoch [122/200], loss:0.2987
epoch [123/200], loss:0.2850
epoch [124/200], loss:0.2955
epoch [125/200], loss:0.2882
epoch [126/200], loss:0.2905
epoch [127/200], loss:0.2716
epoch [128/200], loss:0.3013
epoch [129/200], loss:0.3128
epoch [130/200], loss:0.2934
epoch [131/200], loss:0.2969
epoch [132/200], loss:0.3036
epoch [133/200], loss:0.2796
epoch [134/200], loss:0.3036
epoch [135/200], loss:0.3038
epoch [136/200], loss:0.2912
epoch [137/200], loss:0.2839
epoch [138/200], loss:0.3043
epoch [139/200], loss:0.2927
epoch [140/200], loss:0.2923
epoch [141/200], loss:0.2968
epoch [142/200], loss:0.2801
epoch [143/200], loss:0.2855
epoch [144/200], loss:0.2969
epoch [145/200], loss:0.2951
epoch [146/200], loss:0.2946
epoch [147/200], loss:0.2824
epoch [148/200], loss:0.2912
epoch [149/200], loss:0.2971
epoch [150/200], loss:0.2948
epoch [151/200], loss:0.2889
epoch [152/200], loss:0.2985
epoch [153/200], loss:0.2865
epoch [154/200], loss:0.2975
epoch [155/200], loss:0.3055
epoch [156/200], loss:0.2899
epoch [157/200], loss:0.2799
epoch [158/200], loss:0.3004
epoch [159/200], loss:0.2907
epoch [160/200], loss:0.2713
epoch [161/200], loss:0.3035
epoch [162/200], loss:0.2988
epoch [163/200], loss:0.2672
epoch [164/200], loss:0.2841
epoch [165/200], loss:0.2605
epoch [166/200], loss:0.2971
epoch [167/200], loss:0.2847
epoch [168/200], loss:0.2844
epoch [169/200], loss:0.2800
epoch [170/200], loss:0.2908
epoch [171/200], loss:0.2857
epoch [172/200], loss:0.2811
epoch [173/200], loss:0.2953
epoch [174/200], loss:0.2864
epoch [175/200], loss:0.2837
epoch [176/200], loss:0.2989
epoch [177/200], loss:0.2809
epoch [178/200], loss:0.2916
epoch [179/200], loss:0.2946
epoch [180/200], loss:0.2930
epoch [181/200], loss:0.2939
epoch [182/200], loss:0.2757
epoch [183/200], loss:0.3061
epoch [184/200], loss:0.2935
epoch [185/200], loss:0.2947
epoch [186/200], loss:0.2958
epoch [187/200], loss:0.2915
epoch [188/200], loss:0.2999
epoch [189/200], loss:0.2922
epoch [190/200], loss:0.2900
epoch [191/200], loss:0.2995
epoch [192/200], loss:0.3034
epoch [193/200], loss:0.2822
epoch [194/200], loss:0.2998
epoch [195/200], loss:0.2774
epoch [196/200], loss:0.2917
epoch [197/200], loss:0.2692
epoch [198/200], loss:0.2780
epoch [199/200], loss:0.2980
epoch [200/200], loss:0.2785