************pruning 80 of the network****************
Layer-wise pruning = False
Autoencoder layer-wise pruning percentages
encoder.0.weight : 121 / 144  0.8402777777777778
encoder.0.bias : 0 / 16  0.0
encoder.3.weight : 922 / 1152  0.8003472222222222
encoder.3.bias : 5 / 8  0.625
decoder.0.weight : 947 / 1152  0.8220486111111112
decoder.0.bias : 5 / 16  0.3125
decoder.2.weight : 2580 / 3200  0.80625
decoder.2.bias : 1 / 8  0.125
decoder.4.weight : 1 / 32  0.03125
decoder.4.bias : 1 / 1  1.0
Fraction of weights pruned = 4583/5729 = 0.7999650898935242
epoch [1/200], loss:0.3261
epoch [2/200], loss:0.2953
epoch [3/200], loss:0.2850
epoch [4/200], loss:0.2730
epoch [5/200], loss:0.2625
epoch [6/200], loss:0.2527
epoch [7/200], loss:0.2468
epoch [8/200], loss:0.2423
epoch [9/200], loss:0.2395
epoch [10/200], loss:0.2372
epoch [11/200], loss:0.2353
epoch [12/200], loss:0.2337
epoch [13/200], loss:0.2322
epoch [14/200], loss:0.2266
epoch [15/200], loss:0.2251
epoch [16/200], loss:0.2231
epoch [17/200], loss:0.2222
epoch [18/200], loss:0.2212
epoch [19/200], loss:0.2204
epoch [20/200], loss:0.2197
epoch [21/200], loss:0.2190
epoch [22/200], loss:0.2184
epoch [23/200], loss:0.2178
epoch [24/200], loss:0.2172
epoch [25/200], loss:0.2168
epoch [26/200], loss:0.2161
epoch [27/200], loss:0.2085
epoch [28/200], loss:0.2076
epoch [29/200], loss:0.2070
epoch [30/200], loss:0.2065
epoch [31/200], loss:0.2061
epoch [32/200], loss:0.2057
epoch [33/200], loss:0.2055
epoch [34/200], loss:0.2052
epoch [35/200], loss:0.2049
epoch [36/200], loss:0.2046
epoch [37/200], loss:0.2044
epoch [38/200], loss:0.2043
epoch [39/200], loss:0.2040
epoch [40/200], loss:0.2038
epoch [41/200], loss:0.2036
epoch [42/200], loss:0.2034
epoch [43/200], loss:0.2032
epoch [44/200], loss:0.2032
epoch [45/200], loss:0.2032
epoch [46/200], loss:0.2031
epoch [47/200], loss:0.2028
epoch [48/200], loss:0.2025
epoch [49/200], loss:0.2022
epoch [50/200], loss:0.2019
epoch [51/200], loss:0.2017
epoch [52/200], loss:0.2016
epoch [53/200], loss:0.2014
epoch [54/200], loss:0.2011
epoch [55/200], loss:0.2007
epoch [56/200], loss:0.2005
epoch [57/200], loss:0.2003
epoch [58/200], loss:0.2002
epoch [59/200], loss:0.2000
epoch [60/200], loss:0.1999
epoch [61/200], loss:0.1997
epoch [62/200], loss:0.1996
epoch [63/200], loss:0.1996
epoch [64/200], loss:0.1995
epoch [65/200], loss:0.1994
epoch [66/200], loss:0.1993
epoch [67/200], loss:0.1992
epoch [68/200], loss:0.1991
epoch [69/200], loss:0.1991
epoch [70/200], loss:0.1992
epoch [71/200], loss:0.1992
epoch [72/200], loss:0.1992
epoch [73/200], loss:0.1992
epoch [74/200], loss:0.1992
epoch [75/200], loss:0.1992
epoch [76/200], loss:0.1992
epoch [77/200], loss:0.1991
epoch [78/200], loss:0.1991
epoch [79/200], loss:0.1991
epoch [80/200], loss:0.1991
epoch [81/200], loss:0.1991
epoch [82/200], loss:0.1990
epoch [83/200], loss:0.1990
epoch [84/200], loss:0.1990
epoch [85/200], loss:0.1990
epoch [86/200], loss:0.1989
epoch [87/200], loss:0.1989
epoch [88/200], loss:0.1989
epoch [89/200], loss:0.1988
epoch [90/200], loss:0.1988
epoch [91/200], loss:0.1988
epoch [92/200], loss:0.1988
epoch [93/200], loss:0.1987
epoch [94/200], loss:0.1987
epoch [95/200], loss:0.1987
epoch [96/200], loss:0.1986
epoch [97/200], loss:0.1987
epoch [98/200], loss:0.1987
epoch [99/200], loss:0.1987
epoch [100/200], loss:0.1987
epoch [101/200], loss:0.1987
epoch [102/200], loss:0.1987
epoch [103/200], loss:0.1986
epoch [104/200], loss:0.1986
epoch [105/200], loss:0.1985
epoch [106/200], loss:0.1985
epoch [107/200], loss:0.1984
epoch [108/200], loss:0.1983
epoch [109/200], loss:0.1970
epoch [110/200], loss:0.1969
epoch [111/200], loss:0.1969
epoch [112/200], loss:0.1969
epoch [113/200], loss:0.1968
epoch [114/200], loss:0.1967
epoch [115/200], loss:0.1966
epoch [116/200], loss:0.1967
epoch [117/200], loss:0.1966
epoch [118/200], loss:0.1966
epoch [119/200], loss:0.1965
epoch [120/200], loss:0.1965
epoch [121/200], loss:0.1965
epoch [122/200], loss:0.1965
epoch [123/200], loss:0.1965
epoch [124/200], loss:0.1964
epoch [125/200], loss:0.1963
epoch [126/200], loss:0.1963
epoch [127/200], loss:0.1963
epoch [128/200], loss:0.1963
epoch [129/200], loss:0.1963
epoch [130/200], loss:0.1962
epoch [131/200], loss:0.1962
epoch [132/200], loss:0.1962
epoch [133/200], loss:0.1962
epoch [134/200], loss:0.1962
epoch [135/200], loss:0.1962
epoch [136/200], loss:0.1961
epoch [137/200], loss:0.1961
epoch [138/200], loss:0.1961
epoch [139/200], loss:0.1961
epoch [140/200], loss:0.1961
epoch [141/200], loss:0.1960
epoch [142/200], loss:0.1960
epoch [143/200], loss:0.1960
epoch [144/200], loss:0.1960
epoch [145/200], loss:0.1960
epoch [146/200], loss:0.1960
epoch [147/200], loss:0.1959
epoch [148/200], loss:0.1960
epoch [149/200], loss:0.1960
epoch [150/200], loss:0.1959
epoch [151/200], loss:0.1960
epoch [152/200], loss:0.1959
epoch [153/200], loss:0.1959
epoch [154/200], loss:0.1959
epoch [155/200], loss:0.1959
epoch [156/200], loss:0.1959
epoch [157/200], loss:0.1959
epoch [158/200], loss:0.1959
epoch [159/200], loss:0.1958
epoch [160/200], loss:0.1959
epoch [161/200], loss:0.1959
epoch [162/200], loss:0.1958
epoch [163/200], loss:0.1958
epoch [164/200], loss:0.1959
epoch [165/200], loss:0.1959
epoch [166/200], loss:0.1958
epoch [167/200], loss:0.1958
epoch [168/200], loss:0.1958
epoch [169/200], loss:0.1958
epoch [170/200], loss:0.1958
epoch [171/200], loss:0.1958
epoch [172/200], loss:0.1958
epoch [173/200], loss:0.1958
epoch [174/200], loss:0.1958
epoch [175/200], loss:0.1958
epoch [176/200], loss:0.1958
epoch [177/200], loss:0.1958
epoch [178/200], loss:0.1958
epoch [179/200], loss:0.1958
epoch [180/200], loss:0.1958
epoch [181/200], loss:0.1958
epoch [182/200], loss:0.1959
epoch [183/200], loss:0.1958
epoch [184/200], loss:0.1959
epoch [185/200], loss:0.1958
epoch [186/200], loss:0.1958
epoch [187/200], loss:0.1958
epoch [188/200], loss:0.1958
epoch [189/200], loss:0.1958
epoch [190/200], loss:0.1958
epoch [191/200], loss:0.1958
epoch [192/200], loss:0.1958
epoch [193/200], loss:0.1958
epoch [194/200], loss:0.1958
epoch [195/200], loss:0.1959
epoch [196/200], loss:0.1959
epoch [197/200], loss:0.1959
epoch [198/200], loss:0.1959
epoch [199/200], loss:0.1959
epoch [200/200], loss:0.1959
